<?xml version="1.0" encoding="UTF-8"?>
<testsuites name="jest tests" tests="10" failures="0" time="26.201">
  <testsuite name="toggle login modal action" errors="0" failures="0" skipped="0" timestamp="2019-07-19T21:49:51" time="7.092" tests="2">
    <testcase classname="toggle login modal action should return a lambda that returns an object with the toggleSignupModal action" name="toggle login modal action should return a lambda that returns an object with the toggleSignupModal action" time="0.018">
    </testcase>
    <testcase classname="swap modal action should return a lambda that returns an object with the swapModal action" name="swap modal action should return a lambda that returns an object with the swapModal action" time="0.001">
    </testcase>
  </testsuite>
  <testsuite name="404 Error" errors="0" failures="0" skipped="0" timestamp="2019-07-19T21:49:51" time="7.265" tests="1">
    <testcase classname="404 Error is a reidrect" name="404 Error is a reidrect" time="0.026">
    </testcase>
  </testsuite>
  <testsuite name="redux action with data" errors="0" failures="0" skipped="0" timestamp="2019-07-19T21:49:58" time="0.513" tests="1">
    <testcase classname="redux action with data should return a lambda that returns an object with data and action type" name="redux action with data should return a lambda that returns an object with data and action type" time="0.004">
    </testcase>
  </testsuite>
  <testsuite name="Home Page" errors="0" failures="0" skipped="0" timestamp="2019-07-19T21:49:51" time="8.263" tests="1">
    <testcase classname="Home Page is wrapped in a Grid" name="Home Page is wrapped in a Grid" time="0.024">
    </testcase>
  </testsuite>
  <testsuite name="Connected Login Modal" errors="0" failures="0" skipped="0" timestamp="2019-07-19T21:49:51" time="12.191" tests="1">
    <testcase classname="Connected Login Modal has the correct props" name="Connected Login Modal has the correct props" time="0.048">
    </testcase>
  </testsuite>
  <testsuite name="Connected Login Modal" errors="0" failures="0" skipped="0" timestamp="2019-07-19T21:49:51" time="12.187" tests="1">
    <testcase classname="Connected Login Modal has the correct props" name="Connected Login Modal has the correct props" time="0.038">
    </testcase>
  </testsuite>
  <testsuite name="App" errors="0" failures="0" skipped="0" timestamp="2019-07-19T21:49:51" time="14.023" tests="1">
    <testcase classname="App renders the routes component" name="App renders the routes component" time="0.013">
    </testcase>
  </testsuite>
  <testsuite name="Connected Login Modal" errors="0" failures="0" skipped="0" timestamp="2019-07-19T21:49:51" time="14.197" tests="1">
    <testcase classname="Connected Login Modal has the correct props" name="Connected Login Modal has the correct props" time="0.017">
    </testcase>
  </testsuite>
  <testsuite name="Connected Navbar" errors="0" failures="0" skipped="0" timestamp="2019-07-19T21:49:59" time="7.79" tests="1">
    <testcase classname="Connected Navbar has the correct props" name="Connected Navbar has the correct props" time="0.015">
    </testcase>
  </testsuite>
</testsuites>