<?xml version="1.0" encoding="UTF-8"?>
<testsuites name="jest tests" tests="8" failures="0" time="37.054">
  <testsuite name="toggle login modal action" errors="0" failures="0" skipped="0" timestamp="2019-07-22T22:46:43" time="8.75" tests="2">
    <testcase classname="toggle login modal action should return a lambda that returns an object with the toggleSignupModal action" name="toggle login modal action should return a lambda that returns an object with the toggleSignupModal action" time="0.013">
    </testcase>
    <testcase classname="swap modal action should return a lambda that returns an object with the swapModal action" name="swap modal action should return a lambda that returns an object with the swapModal action" time="0.001">
    </testcase>
  </testsuite>
  <testsuite name="404 Error" errors="0" failures="0" skipped="0" timestamp="2019-07-22T22:46:43" time="9.052" tests="1">
    <testcase classname="404 Error is a reidrect" name="404 Error is a reidrect" time="0.021">
    </testcase>
  </testsuite>
  <testsuite name="Home Page" errors="0" failures="0" skipped="0" timestamp="2019-07-22T22:46:43" time="13.441" tests="1">
    <testcase classname="Home Page is wrapped in a Grid" name="Home Page is wrapped in a Grid" time="0.015">
    </testcase>
  </testsuite>
  <testsuite name="Connected Login Modal" errors="0" failures="0" skipped="0" timestamp="2019-07-22T22:46:48" time="13.146" tests="1">
    <testcase classname="Connected Login Modal has the correct props" name="Connected Login Modal has the correct props" time="0.03">
    </testcase>
  </testsuite>
  <testsuite name="Connected Login Modal" errors="0" failures="0" skipped="0" timestamp="2019-07-22T22:46:43" time="17.581" tests="1">
    <testcase classname="Connected Login Modal has the correct props" name="Connected Login Modal has the correct props" time="0.03">
    </testcase>
  </testsuite>
  <testsuite name="App" errors="0" failures="0" skipped="0" timestamp="2019-07-22T22:46:43" time="19.863" tests="1">
    <testcase classname="App renders the routes component" name="App renders the routes component" time="0.011">
    </testcase>
  </testsuite>
  <testsuite name="Connected Login Modal" errors="0" failures="0" skipped="0" timestamp="2019-07-22T22:46:43" time="19.877" tests="1">
    <testcase classname="Connected Login Modal has the correct props" name="Connected Login Modal has the correct props" time="0.016">
    </testcase>
  </testsuite>
</testsuites>