<?xml version="1.0" encoding="UTF-8"?>
<testsuites name="jest tests" tests="8" failures="0" time="47.141">
  <testsuite name="404 Error" errors="0" failures="0" skipped="0" timestamp="2019-07-25T20:25:07" time="9.721" tests="1">
    <testcase classname="404 Error is a reidrect" name="404 Error is a reidrect" time="0.02">
    </testcase>
  </testsuite>
  <testsuite name="toggle login modal action" errors="0" failures="0" skipped="0" timestamp="2019-07-25T20:25:07" time="13.707" tests="2">
    <testcase classname="toggle login modal action should return a lambda that returns an object with the toggleSignupModal action" name="toggle login modal action should return a lambda that returns an object with the toggleSignupModal action" time="0.011">
    </testcase>
    <testcase classname="swap modal action should return a lambda that returns an object with the swapModal action" name="swap modal action should return a lambda that returns an object with the swapModal action" time="0.001">
    </testcase>
  </testsuite>
  <testsuite name="Home Page" errors="0" failures="0" skipped="0" timestamp="2019-07-25T20:25:07" time="14.519" tests="1">
    <testcase classname="Home Page is wrapped in a Grid" name="Home Page is wrapped in a Grid" time="0.015">
    </testcase>
  </testsuite>
  <testsuite name="Connected Login Modal" errors="0" failures="0" skipped="0" timestamp="2019-07-25T20:25:07" time="19.004" tests="1">
    <testcase classname="Connected Login Modal has the correct props" name="Connected Login Modal has the correct props" time="0.03">
    </testcase>
  </testsuite>
  <testsuite name="Connected Login Modal" errors="0" failures="0" skipped="0" timestamp="2019-07-25T20:25:07" time="19.05" tests="1">
    <testcase classname="Connected Login Modal has the correct props" name="Connected Login Modal has the correct props" time="0.022">
    </testcase>
  </testsuite>
  <testsuite name="App" errors="0" failures="0" skipped="0" timestamp="2019-07-25T20:25:07" time="23.048" tests="1">
    <testcase classname="App renders the routes component" name="App renders the routes component" time="0.01">
    </testcase>
  </testsuite>
  <testsuite name="Connected Login Modal" errors="0" failures="0" skipped="0" timestamp="2019-07-25T20:25:07" time="23.051" tests="1">
    <testcase classname="Connected Login Modal has the correct props" name="Connected Login Modal has the correct props" time="0.015">
    </testcase>
  </testsuite>
</testsuites>