<?xml version="1.0" encoding="UTF-8"?>
<testsuites name="jest tests" tests="6" failures="0" time="25.605">
  <testsuite name="toggle login modal action" errors="0" failures="0" skipped="0" timestamp="2019-07-23T01:50:18" time="5.899" tests="2">
    <testcase classname="toggle login modal action should return a lambda that returns an object with the toggleSignupModal action" name="toggle login modal action should return a lambda that returns an object with the toggleSignupModal action" time="0.014">
    </testcase>
    <testcase classname="swap modal action should return a lambda that returns an object with the swapModal action" name="swap modal action should return a lambda that returns an object with the swapModal action" time="0.001">
    </testcase>
  </testsuite>
  <testsuite name="404 Error" errors="0" failures="0" skipped="0" timestamp="2019-07-23T01:50:18" time="6.002" tests="1">
    <testcase classname="404 Error is a reidrect" name="404 Error is a reidrect" time="0.016">
    </testcase>
  </testsuite>
  <testsuite name="redux action with data" errors="0" failures="0" skipped="0" timestamp="2019-07-23T01:50:20" time="4.5" tests="1">
    <testcase classname="redux action with data should return a lambda that returns an object with data and action type" name="redux action with data should return a lambda that returns an object with data and action type" time="0.016">
    </testcase>
  </testsuite>
  <testsuite name="App" errors="0" failures="0" skipped="0" timestamp="2019-07-23T01:50:18" time="14.318" tests="1">
    <testcase classname="App renders the routes component" name="App renders the routes component" time="0.011">
    </testcase>
  </testsuite>
  <testsuite name="Connected Login Modal" errors="0" failures="0" skipped="0" timestamp="2019-07-23T01:50:18" time="14.334" tests="1">
    <testcase classname="Connected Login Modal has the correct props" name="Connected Login Modal has the correct props" time="0.019">
    </testcase>
  </testsuite>
</testsuites>